Using pre-set license
Built from '2021.3/staging' branch; Version is '2021.3.15f1 (e8e88683f834) revision 15263878'; Using compiler version '192829333'; Build Type 'Release'
OS: 'Windows 11  (10.0.22000) 64bit CoreSingleLanguage' Language: 'ru' Physical Memory: 16190 MB
BatchMode: 1, IsHumanControllingUs: 0, StartBugReporterOnCrash: 0, Is64bit: 1, IsPro: 1

COMMAND LINE ARGUMENTS:
C:\Program Files\Unity\Hub\Editor\2021.3.15f1\Editor\Unity.exe
-adb2
-batchMode
-noUpm
-name
AssetImportWorker2
-projectPath
C:/Unity Projects/2D_Crayon/2d_crayon
-logFile
Logs/AssetImportWorker2.log
-srvPort
58109
Successfully changed project path to: C:/Unity Projects/2D_Crayon/2d_crayon
C:/Unity Projects/2D_Crayon/2d_crayon
[UnityMemory] Configuration Parameters - Can be set up in boot.config
    "memorysetup-bucket-allocator-granularity=16"
    "memorysetup-bucket-allocator-bucket-count=8"
    "memorysetup-bucket-allocator-block-size=33554432"
    "memorysetup-bucket-allocator-block-count=8"
    "memorysetup-main-allocator-block-size=16777216"
    "memorysetup-thread-allocator-block-size=16777216"
    "memorysetup-gfx-main-allocator-block-size=16777216"
    "memorysetup-gfx-thread-allocator-block-size=16777216"
    "memorysetup-cache-allocator-block-size=4194304"
    "memorysetup-typetree-allocator-block-size=2097152"
    "memorysetup-profiler-bucket-allocator-granularity=16"
    "memorysetup-profiler-bucket-allocator-bucket-count=8"
    "memorysetup-profiler-bucket-allocator-block-size=33554432"
    "memorysetup-profiler-bucket-allocator-block-count=8"
    "memorysetup-profiler-allocator-block-size=16777216"
    "memorysetup-profiler-editor-allocator-block-size=1048576"
    "memorysetup-temp-allocator-size-main=16777216"
    "memorysetup-job-temp-allocator-block-size=2097152"
    "memorysetup-job-temp-allocator-block-size-background=1048576"
    "memorysetup-job-temp-allocator-reduction-small-platforms=262144"
    "memorysetup-temp-allocator-size-background-worker=32768"
    "memorysetup-temp-allocator-size-job-worker=262144"
    "memorysetup-temp-allocator-size-preload-manager=33554432"
    "memorysetup-temp-allocator-size-nav-mesh-worker=65536"
    "memorysetup-temp-allocator-size-audio-worker=65536"
    "memorysetup-temp-allocator-size-cloud-worker=32768"
    "memorysetup-temp-allocator-size-gi-baking-worker=262144"
    "memorysetup-temp-allocator-size-gfx=262144"
Player connection [9164] Host "[IP] 192.168.1.73 [Port] 0 [Flags] 2 [Guid] 3195289656 [EditorId] 3195289656 [Version] 1048832 [Id] WindowsEditor(7,MSI) [Debug] 1 [PackageName] WindowsEditor [ProjectName] Editor" joined multi-casting on [225.0.0.222:54997]...

Player connection [9164] Host "[IP] 192.168.1.73 [Port] 0 [Flags] 2 [Guid] 3195289656 [EditorId] 3195289656 [Version] 1048832 [Id] WindowsEditor(7,MSI) [Debug] 1 [PackageName] WindowsEditor [ProjectName] Editor" joined alternative multi-casting on [225.0.0.222:34997]...

Refreshing native plugins compatible for Editor in 114.63 ms, found 4 plugins.
Preloading 0 native plugins for Editor in 0.00 ms.
Initialize engine version: 2021.3.15f1 (e8e88683f834)
[Subsystems] Discovering subsystems at path C:/Program Files/Unity/Hub/Editor/2021.3.15f1/Editor/Data/Resources/UnitySubsystems
[Subsystems] Discovering subsystems at path C:/Unity Projects/2D_Crayon/2d_crayon/Assets
GfxDevice: creating device client; threaded=0; jobified=0
Direct3D:
    Version:  Direct3D 11.0 [level 11.1]
    Renderer: NVIDIA GeForce GTX 1650 (ID=0x1f91)
    Vendor:   NVIDIA
    VRAM:     3962 MB
    Driver:   27.21.14.5671
Initialize mono
Mono path[0] = 'C:/Program Files/Unity/Hub/Editor/2021.3.15f1/Editor/Data/Managed'
Mono path[1] = 'C:/Program Files/Unity/Hub/Editor/2021.3.15f1/Editor/Data/MonoBleedingEdge/lib/mono/unityjit-win32'
Mono config path = 'C:/Program Files/Unity/Hub/Editor/2021.3.15f1/Editor/Data/MonoBleedingEdge/etc'
Using monoOptions --debugger-agent=transport=dt_socket,embedding=1,server=y,suspend=n,address=127.0.0.1:56204
Begin MonoManager ReloadAssembly
Registering precompiled unity dll's ...
Register platform support module: C:/Program Files/Unity/Hub/Editor/2021.3.15f1/Editor/Data/PlaybackEngines/WebGLSupport/UnityEditor.WebGL.Extensions.dll
Register platform support module: C:/Program Files/Unity/Hub/Editor/2021.3.15f1/Editor/Data/PlaybackEngines/WindowsStandaloneSupport/UnityEditor.WindowsStandalone.Extensions.dll
Registered in 0.004819 seconds.
Native extension for WindowsStandalone target not found
Native extension for WebGL target not found
Refreshing native plugins compatible for Editor in 100.02 ms, found 4 plugins.
Preloading 0 native plugins for Editor in 0.00 ms.
Mono: successfully reloaded assembly
- Completed reload, in  0.675 seconds
Domain Reload Profiling:
	ReloadAssembly (676ms)
		BeginReloadAssembly (82ms)
			ExecutionOrderSort (0ms)
			DisableScriptedObjects (0ms)
			BackupInstance (0ms)
			ReleaseScriptingObjects (0ms)
			CreateAndSetChildDomain (1ms)
		EndReloadAssembly (477ms)
			LoadAssemblies (81ms)
			RebuildTransferFunctionScriptingTraits (0ms)
			SetupTypeCache (109ms)
			ReleaseScriptCaches (0ms)
			RebuildScriptCaches (30ms)
			SetupLoadedEditorAssemblies (285ms)
				LogAssemblyErrors (0ms)
				InitializePlatformSupportModulesInManaged (9ms)
				SetLoadedEditorAssemblies (0ms)
				RefreshPlugins (100ms)
				BeforeProcessingInitializeOnLoad (1ms)
				ProcessInitializeOnLoadAttributes (129ms)
				ProcessInitializeOnLoadMethodAttributes (46ms)
				AfterProcessingInitializeOnLoad (0ms)
				EditorAssembliesLoaded (0ms)
			ExecutionOrderSort2 (0ms)
			AwakeInstancesAfterBackupRestoration (0ms)
Platform modules already initialized, skipping
Registering precompiled user dll's ...
Registered in 0.006806 seconds.
Begin MonoManager ReloadAssembly
Symbol file LoadedFromMemory doesn't match image C:\Unity Projects\2D_Crayon\2d_crayon\Library\PackageCache\com.unity.visualscripting@1.7.8\Editor\VisualScripting.Core\Dependencies\YamlDotNet\Unity.VisualScripting.YamlDotNet.dll
Symbol file LoadedFromMemory doesn't match image C:\Unity Projects\2D_Crayon\2d_crayon\Library\PackageCache\com.unity.visualscripting@1.7.8\Editor\VisualScripting.Core\Dependencies\DotNetZip\Unity.VisualScripting.IonicZip.dll
Native extension for WindowsStandalone target not found
Native extension for WebGL target not found
Refreshing native plugins compatible for Editor in 98.42 ms, found 4 plugins.
Preloading 0 native plugins for Editor in 0.00 ms.
Mono: successfully reloaded assembly
- Completed reload, in  1.299 seconds
Domain Reload Profiling:
	ReloadAssembly (1300ms)
		BeginReloadAssembly (147ms)
			ExecutionOrderSort (0ms)
			DisableScriptedObjects (15ms)
			BackupInstance (0ms)
			ReleaseScriptingObjects (0ms)
			CreateAndSetChildDomain (24ms)
		EndReloadAssembly (963ms)
			LoadAssemblies (96ms)
			RebuildTransferFunctionScriptingTraits (0ms)
			SetupTypeCache (252ms)
			ReleaseScriptCaches (1ms)
			RebuildScriptCaches (60ms)
			SetupLoadedEditorAssemblies (510ms)
				LogAssemblyErrors (0ms)
				InitializePlatformSupportModulesInManaged (5ms)
				SetLoadedEditorAssemblies (0ms)
				RefreshPlugins (98ms)
				BeforeProcessingInitializeOnLoad (106ms)
				ProcessInitializeOnLoadAttributes (251ms)
				ProcessInitializeOnLoadMethodAttributes (44ms)
				AfterProcessingInitializeOnLoad (6ms)
				EditorAssembliesLoaded (0ms)
			ExecutionOrderSort2 (0ms)
			AwakeInstancesAfterBackupRestoration (7ms)
Platform modules already initialized, skipping
========================================================================
Worker process is ready to serve import requests
Launched and connected shader compiler UnityShaderCompiler.exe after 0.04 seconds
Refreshing native plugins compatible for Editor in 0.67 ms, found 4 plugins.
Preloading 0 native plugins for Editor in 0.00 ms.
Unloading 4045 Unused Serialized files (Serialized files now loaded: 0)
Unloading 44 unused Assets / (229.3 KB). Loaded Objects now: 4495.
Memory consumption went from 150.7 MB to 150.5 MB.
Total: 3.991500 ms (FindLiveObjects: 0.314400 ms CreateObjectMapping: 0.264700 ms MarkObjects: 3.261000 ms  DeleteObjects: 0.150700 ms)

AssetImportParameters requested are different than current active one (requested -> active):
  custom:video-decoder-ogg-theora: a1e56fd34408186e4bbccfd4996cb3dc -> 
  custom:container-muxer-webm: aa71ff27fc2769a1b78a27578f13a17b -> 
  custom:container-demuxer-webm: 4f35f7cbe854078d1ac9338744f61a02 -> 
  custom:video-encoder-webm-vp8: eb34c28f22e8b96e1ab97ce403110664 -> 
  custom:video-codec-MediaFoundation-h265: e54d7ab0439102e2317fc1e4b246158d -> 
  custom:audio-encoder-webm-vorbis: bf7c407c2cedff20999df2af8eb42d56 -> 
  custom:framework-win-MediaFoundation: 216162199b28c13a410421893ffa2e32 -> 
  custom:container-demuxer-ogg: 62fdf1f143b41e24485cea50d1cbac27 -> 
  custom:video-decoder-webm-vp8: 9c59270c3fd7afecdb556c50c9e8de78 -> 
  custom:audio-decoder-ogg-vorbis: bf7c407c2cedff20999df2af8eb42d56 -> 
========================================================================
Received Import Request.
  Time since last request: 819499.451784 seconds.
  path: Packages/com.unity.2d.spriteshape/Editor/ObjectMenuCreation/DefaultAssets/Sprite Shapes/Closed Sprite Shape.prefab
  artifactKey: Guid(c0583b4e855c74b8c82e7b9b5efb5ce9) Importer(815301076,1909f56bfc062723c751e8b465ee728b)
Start importing Packages/com.unity.2d.spriteshape/Editor/ObjectMenuCreation/DefaultAssets/Sprite Shapes/Closed Sprite Shape.prefab using Guid(c0583b4e855c74b8c82e7b9b5efb5ce9) Importer(815301076,1909f56bfc062723c751e8b465ee728b)  -> (artifact id: 'b0e0d64d8fff2998508adcc2a708433f') in 0.222311 seconds 
========================================================================
Received Import Request.
  Time since last request: 70.418481 seconds.
  path: Assets/Textures/Chars
  artifactKey: Guid(502cf84b790c658498b986d30478500f) Importer(815301076,1909f56bfc062723c751e8b465ee728b)
Start importing Assets/Textures/Chars using Guid(502cf84b790c658498b986d30478500f) Importer(815301076,1909f56bfc062723c751e8b465ee728b)  -> (artifact id: '8c5fabd0b7af027ca740c028dbd8b848') in 0.007800 seconds 
========================================================================
Received Import Request.
  Time since last request: 7.485437 seconds.
  path: Assets/Textures/Chars/Hero
  artifactKey: Guid(7367e3fe3ba2f0c4987b23feadb468b8) Importer(815301076,1909f56bfc062723c751e8b465ee728b)
Start importing Assets/Textures/Chars/Hero using Guid(7367e3fe3ba2f0c4987b23feadb468b8) Importer(815301076,1909f56bfc062723c751e8b465ee728b)  -> (artifact id: '150060bfd7763e7467ba2b683e85f6ba') in 0.008603 seconds 
========================================================================
Received Import Request.
  Time since last request: 13.292303 seconds.
  path: Assets/Textures/Enviroment
  artifactKey: Guid(da30fa6304e6cf44fb2f4c878876f68e) Importer(815301076,1909f56bfc062723c751e8b465ee728b)
Start importing Assets/Textures/Enviroment using Guid(da30fa6304e6cf44fb2f4c878876f68e) Importer(815301076,1909f56bfc062723c751e8b465ee728b)  -> (artifact id: 'be8a0ac57c08ba0876ba37a259428a0a') in 0.007730 seconds 
========================================================================
Received Import Request.
  Time since last request: 12.846259 seconds.
  path: Assets/Textures/Environment
  artifactKey: Guid(da30fa6304e6cf44fb2f4c878876f68e) Importer(815301076,1909f56bfc062723c751e8b465ee728b)
Start importing Assets/Textures/Environment using Guid(da30fa6304e6cf44fb2f4c878876f68e) Importer(815301076,1909f56bfc062723c751e8b465ee728b)  -> (artifact id: '92d757b2c3efaab25183da609b4b6c62') in 0.009070 seconds 
========================================================================
Received Import Request.
  Time since last request: 421.138072 seconds.
  path: Assets/Textures/Chars/Hero/Test
  artifactKey: Guid(808c81cec37037d428311f473e1819e8) Importer(815301076,1909f56bfc062723c751e8b465ee728b)
Start importing Assets/Textures/Chars/Hero/Test using Guid(808c81cec37037d428311f473e1819e8) Importer(815301076,1909f56bfc062723c751e8b465ee728b)  -> (artifact id: '735838a4610cbef529d688670a154c6e') in 0.008590 seconds 
========================================================================
Received Import Request.
  Time since last request: 5.162869 seconds.
  path: Assets/Textures/Chars/Hero/Test/Hero.png
  artifactKey: Guid(cde32ecc031506d42ba3f4f97952cca6) Importer(815301076,1909f56bfc062723c751e8b465ee728b)
Start importing Assets/Textures/Chars/Hero/Test/Hero.png using Guid(cde32ecc031506d42ba3f4f97952cca6) Importer(815301076,1909f56bfc062723c751e8b465ee728b)  -> (artifact id: '4474e478c9317b2b5b8c97ebd4a829a5') in 0.150134 seconds 
========================================================================
Received Import Request.
  Time since last request: 183.905347 seconds.
  path: Assets/Textures/Environment/Test
  artifactKey: Guid(6bd1234d03492264abb2b27e125c5c05) Importer(815301076,1909f56bfc062723c751e8b465ee728b)
Start importing Assets/Textures/Environment/Test using Guid(6bd1234d03492264abb2b27e125c5c05) Importer(815301076,1909f56bfc062723c751e8b465ee728b)  -> (artifact id: 'eaaab683bcaf7b83612668f9e3152a67') in 0.002218 seconds 
========================================================================
Received Import Request.
  Time since last request: 5.113848 seconds.
  path: Assets/Textures/Environment/Test/Spritesheet 200x200.png
  artifactKey: Guid(a6ccfd3b5b030664f9ecfb42c803438c) Importer(815301076,1909f56bfc062723c751e8b465ee728b)
Start importing Assets/Textures/Environment/Test/Spritesheet 200x200.png using Guid(a6ccfd3b5b030664f9ecfb42c803438c) Importer(815301076,1909f56bfc062723c751e8b465ee728b)  -> (artifact id: '8bd3bba4e5e5365bf34e33308d51a347') in 0.215791 seconds 
========================================================================
Received Import Request.
  Time since last request: 7.767998 seconds.
  path: Assets/Textures/Environment/Test/Spritesheet 200x200.png
  artifactKey: Guid(a6ccfd3b5b030664f9ecfb42c803438c) Importer(815301076,1909f56bfc062723c751e8b465ee728b)
Start importing Assets/Textures/Environment/Test/Spritesheet 200x200.png using Guid(a6ccfd3b5b030664f9ecfb42c803438c) Importer(815301076,1909f56bfc062723c751e8b465ee728b)  -> (artifact id: 'af68a62ab95d8ae49d0f89288b3245b9') in 0.097272 seconds 
========================================================================
Received Import Request.
  Time since last request: 193.000497 seconds.
  path: Assets/Textures/Environment/Test/TestMap.prefab
  artifactKey: Guid(d6f8b9ac6f86b9f4da6b9b6d15f9296f) Importer(815301076,1909f56bfc062723c751e8b465ee728b)
Start importing Assets/Textures/Environment/Test/TestMap.prefab using Guid(d6f8b9ac6f86b9f4da6b9b6d15f9296f) Importer(815301076,1909f56bfc062723c751e8b465ee728b)  -> (artifact id: 'e7fc1f74ddad65a59dbe755f249f0763') in 0.021165 seconds 
========================================================================
Received Import Request.
  Time since last request: 17.475949 seconds.
  path: Assets/Textures/Environment/Test/Spritesheet 200x200.asset
  artifactKey: Guid(c617d399dec3caa48afbdc42b5995332) Importer(815301076,1909f56bfc062723c751e8b465ee728b)
Start importing Assets/Textures/Environment/Test/Spritesheet 200x200.asset using Guid(c617d399dec3caa48afbdc42b5995332) Importer(815301076,1909f56bfc062723c751e8b465ee728b)  -> (artifact id: 'a5d55ef708d163d46c081ea27f9bf433') in 0.051332 seconds 
========================================================================
Received Import Request.
  Time since last request: 25.163196 seconds.
  path: Assets/Textures/Environment/Test/Spritesheet 200x200.asset
  artifactKey: Guid(c617d399dec3caa48afbdc42b5995332) Importer(815301076,1909f56bfc062723c751e8b465ee728b)
Start importing Assets/Textures/Environment/Test/Spritesheet 200x200.asset using Guid(c617d399dec3caa48afbdc42b5995332) Importer(815301076,1909f56bfc062723c751e8b465ee728b)  -> (artifact id: '55202403610d1bbe0d5d3e0edd7b7b07') in 0.005062 seconds 
========================================================================
Received Import Request.
  Time since last request: 313.587439 seconds.
  path: Assets/Textures/Environment/Test/Spritesheet 200x200.png
  artifactKey: Guid(a6ccfd3b5b030664f9ecfb42c803438c) Importer(815301076,1909f56bfc062723c751e8b465ee728b)
Start importing Assets/Textures/Environment/Test/Spritesheet 200x200.png using Guid(a6ccfd3b5b030664f9ecfb42c803438c) Importer(815301076,1909f56bfc062723c751e8b465ee728b)  -> (artifact id: '2653cef2029012c466fc7b8768bf42f1') in 0.016552 seconds 
========================================================================
Received Import Request.
  Time since last request: 93.596157 seconds.
  path: Assets/Textures/Environment/Test/Spritesheet 200x200.png
  artifactKey: Guid(a6ccfd3b5b030664f9ecfb42c803438c) Importer(815301076,1909f56bfc062723c751e8b465ee728b)
Start importing Assets/Textures/Environment/Test/Spritesheet 200x200.png using Guid(a6ccfd3b5b030664f9ecfb42c803438c) Importer(815301076,1909f56bfc062723c751e8b465ee728b)  -> (artifact id: '995bd31606f1837b4c4819ef43cf3aad') in 0.106448 seconds 
========================================================================
Received Import Request.
  Time since last request: 248.045023 seconds.
  path: Assets/Textures/Environment/Test/Spritesheet 200x200_0.asset
  artifactKey: Guid(956d50e9cde579041994112517dc4f66) Importer(815301076,1909f56bfc062723c751e8b465ee728b)
Start importing Assets/Textures/Environment/Test/Spritesheet 200x200_0.asset using Guid(956d50e9cde579041994112517dc4f66) Importer(815301076,1909f56bfc062723c751e8b465ee728b)  -> (artifact id: '5d760236017ac6c0bf670648dc9d5a75') in 0.023357 seconds 
========================================================================
Received Import Request.
  Time since last request: 506.465090 seconds.
  path: Assets/Textures/Environment/Test/Spritesheet 200x200_1.asset
  artifactKey: Guid(927f29649baf8cd46982dcce62318d9e) Importer(815301076,1909f56bfc062723c751e8b465ee728b)
Start importing Assets/Textures/Environment/Test/Spritesheet 200x200_1.asset using Guid(927f29649baf8cd46982dcce62318d9e) Importer(815301076,1909f56bfc062723c751e8b465ee728b)  -> (artifact id: 'a6cd6500a056cec5369ad23387fd0d4f') in 0.054829 seconds 
========================================================================
Received Import Request.
  Time since last request: 0.000057 seconds.
  path: Assets/Textures/Environment/Test/TestPallete.prefab
  artifactKey: Guid(45135a34aa62e9447826754bc8fb0d01) Importer(815301076,1909f56bfc062723c751e8b465ee728b)
Start importing Assets/Textures/Environment/Test/TestPallete.prefab using Guid(45135a34aa62e9447826754bc8fb0d01) Importer(815301076,1909f56bfc062723c751e8b465ee728b)  -> (artifact id: 'c3af9e1a2a7f8e907241aa8d33b635fa') in 0.046239 seconds 
========================================================================
Received Import Request.
  Time since last request: 3.553000 seconds.
  path: Assets/Textures/Chars/Hero/Test/Hero.png
  artifactKey: Guid(cde32ecc031506d42ba3f4f97952cca6) Importer(815301076,1909f56bfc062723c751e8b465ee728b)
Start importing Assets/Textures/Chars/Hero/Test/Hero.png using Guid(cde32ecc031506d42ba3f4f97952cca6) Importer(815301076,1909f56bfc062723c751e8b465ee728b)  -> (artifact id: '4127b7a626553f991e821443b19d6adc') in 0.051472 seconds 
========================================================================
Received Import Request.
  Time since last request: 41.994619 seconds.
  path: Assets/Textures/Chars/Hero/Test/Hero.png
  artifactKey: Guid(cde32ecc031506d42ba3f4f97952cca6) Importer(815301076,1909f56bfc062723c751e8b465ee728b)
Start importing Assets/Textures/Chars/Hero/Test/Hero.png using Guid(cde32ecc031506d42ba3f4f97952cca6) Importer(815301076,1909f56bfc062723c751e8b465ee728b)  -> (artifact id: '46badedc9a10b336b8b9880f53de44b9') in 0.025443 seconds 
========================================================================
Received Import Request.
  Time since last request: 12.349563 seconds.
  path: Assets/Textures/Chars/Hero/Test/Hero.png
  artifactKey: Guid(cde32ecc031506d42ba3f4f97952cca6) Importer(815301076,1909f56bfc062723c751e8b465ee728b)
Start importing Assets/Textures/Chars/Hero/Test/Hero.png using Guid(cde32ecc031506d42ba3f4f97952cca6) Importer(815301076,1909f56bfc062723c751e8b465ee728b)  -> (artifact id: '86b5982031c2caa0acc9e28a2fe1b73e') in 0.015999 seconds 
